  Apple.cpp
C:\Users\chris\source\repos\Snake_C-\SnakeyWakey\Apple.cpp(20,59): warning C4244: '=': conversion from 'T' to 'int', possible loss of data
          with
          [
              T=float
          ]
C:\Users\chris\source\repos\Snake_C-\SnakeyWakey\Apple.cpp(21,41): warning C4244: '=': conversion from 'T' to 'int', possible loss of data
          with
          [
              T=float
          ]
C:\Users\chris\source\repos\Snake_C-\SnakeyWakey\Apple.cpp(24,35): warning C4244: 'argument': conversion from 'int' to 'float', possible loss of data
C:\Users\chris\source\repos\Snake_C-\SnakeyWakey\Apple.cpp(24,29): warning C4244: 'argument': conversion from 'int' to 'float', possible loss of data
C:\Users\chris\source\repos\Snake_C-\SnakeyWakey\Apple.cpp(31,45): warning C4244: '=': conversion from 'T' to 'int', possible loss of data
          with
          [
              T=float
          ]
C:\Users\chris\source\repos\Snake_C-\SnakeyWakey\Apple.cpp(32,44): warning C4244: '=': conversion from 'T' to 'int', possible loss of data
          with
          [
              T=float
          ]
C:\Users\chris\source\repos\Snake_C-\SnakeyWakey\Apple.cpp(33,54): warning C4244: 'argument': conversion from 'int' to 'T', possible loss of data
          with
          [
              T=float
          ]
C:\Users\chris\source\repos\Snake_C-\SnakeyWakey\Apple.cpp(33,48): warning C4244: 'argument': conversion from 'int' to 'T', possible loss of data
          with
          [
              T=float
          ]
C:\Users\chris\source\repos\Snake_C-\SnakeyWakey\Apple.cpp(36,35): warning C4244: 'argument': conversion from 'int' to 'float', possible loss of data
C:\Users\chris\source\repos\Snake_C-\SnakeyWakey\Apple.cpp(36,29): warning C4244: 'argument': conversion from 'int' to 'float', possible loss of data
  SnakeyWakey.vcxproj -> C:\Users\chris\source\repos\Snake_C-\Debug\SnakeyWakey.exe
